<?xml version="1.0" encoding="UTF-8"?>
<testsuite xmlns:xsi="http://www.w3.org/2001/XMLSchema-instance" xsi:noNamespaceSchemaLocation="https://maven.apache.org/surefire/maven-surefire-plugin/xsd/surefire-test-report-3.0.xsd" version="3.0" name="crux.CompilerStageTests" time="0.303" tests="50" errors="0" skipped="0" failures="0">
  <properties>
    <property name="gopherProxySet" value="false"/>
    <property name="awt.toolkit" value="sun.lwawt.macosx.LWCToolkit"/>
    <property name="java.specification.version" value="11"/>
    <property name="sun.cpu.isalist" value=""/>
    <property name="sun.jnu.encoding" value="UTF-8"/>
    <property name="java.class.path" value="/Users/Alan/Documents/cs142a/crux/target/test-classes:/Users/Alan/Documents/cs142a/crux/target/classes:/Users/Alan/.m2/repository/org/antlr/antlr4-runtime/4.7.2/antlr4-runtime-4.7.2.jar:/Users/Alan/.m2/repository/org/junit/jupiter/junit-jupiter-api/5.5.2/junit-jupiter-api-5.5.2.jar:/Users/Alan/.m2/repository/org/apiguardian/apiguardian-api/1.1.0/apiguardian-api-1.1.0.jar:/Users/Alan/.m2/repository/org/opentest4j/opentest4j/1.2.0/opentest4j-1.2.0.jar:/Users/Alan/.m2/repository/org/junit/platform/junit-platform-commons/1.5.2/junit-platform-commons-1.5.2.jar:/Users/Alan/.m2/repository/org/junit/jupiter/junit-jupiter-engine/5.5.2/junit-jupiter-engine-5.5.2.jar:/Users/Alan/.m2/repository/org/junit/platform/junit-platform-engine/1.5.2/junit-platform-engine-1.5.2.jar:"/>
    <property name="java.vm.vendor" value="Oracle Corporation"/>
    <property name="sun.arch.data.model" value="64"/>
    <property name="java.vendor.url" value="https://openjdk.java.net/"/>
    <property name="user.timezone" value=""/>
    <property name="java.vm.specification.version" value="11"/>
    <property name="os.name" value="Mac OS X"/>
    <property name="sun.java.launcher" value="SUN_STANDARD"/>
    <property name="user.country" value="US"/>
    <property name="sun.boot.library.path" value="/Library/Java/JavaVirtualMachines/jdk-11.jdk/Contents/Home/lib"/>
    <property name="sun.java.command" value="/Users/Alan/Documents/cs142a/crux/target/surefire/surefirebooter5647997185947954544.jar /Users/Alan/Documents/cs142a/crux/target/surefire 2023-01-19T12-55-37_252-jvmRun1 surefire10057140860500878538tmp surefire_08285291687438499230tmp"/>
    <property name="http.nonProxyHosts" value="local|*.local|169.254/16|*.169.254/16"/>
    <property name="jdk.debug" value="release"/>
    <property name="surefire.test.class.path" value="/Users/Alan/Documents/cs142a/crux/target/test-classes:/Users/Alan/Documents/cs142a/crux/target/classes:/Users/Alan/.m2/repository/org/antlr/antlr4-runtime/4.7.2/antlr4-runtime-4.7.2.jar:/Users/Alan/.m2/repository/org/junit/jupiter/junit-jupiter-api/5.5.2/junit-jupiter-api-5.5.2.jar:/Users/Alan/.m2/repository/org/apiguardian/apiguardian-api/1.1.0/apiguardian-api-1.1.0.jar:/Users/Alan/.m2/repository/org/opentest4j/opentest4j/1.2.0/opentest4j-1.2.0.jar:/Users/Alan/.m2/repository/org/junit/platform/junit-platform-commons/1.5.2/junit-platform-commons-1.5.2.jar:/Users/Alan/.m2/repository/org/junit/jupiter/junit-jupiter-engine/5.5.2/junit-jupiter-engine-5.5.2.jar:/Users/Alan/.m2/repository/org/junit/platform/junit-platform-engine/1.5.2/junit-platform-engine-1.5.2.jar:"/>
    <property name="sun.cpu.endian" value="little"/>
    <property name="user.home" value="/Users/Alan"/>
    <property name="user.language" value="en"/>
    <property name="java.specification.vendor" value="Oracle Corporation"/>
    <property name="java.version.date" value="2023-01-17"/>
    <property name="java.home" value="/Library/Java/JavaVirtualMachines/jdk-11.jdk/Contents/Home"/>
    <property name="file.separator" value="/"/>
    <property name="basedir" value="/Users/Alan/Documents/cs142a/crux"/>
    <property name="java.vm.compressedOopsMode" value="Zero based"/>
    <property name="line.separator" value="&#10;"/>
    <property name="java.specification.name" value="Java Platform API Specification"/>
    <property name="java.vm.specification.vendor" value="Oracle Corporation"/>
    <property name="java.awt.graphicsenv" value="sun.awt.CGraphicsEnvironment"/>
    <property name="surefire.real.class.path" value="/Users/Alan/Documents/cs142a/crux/target/surefire/surefirebooter5647997185947954544.jar"/>
    <property name="sun.management.compiler" value="HotSpot 64-Bit Tiered Compilers"/>
    <property name="ftp.nonProxyHosts" value="local|*.local|169.254/16|*.169.254/16"/>
    <property name="java.runtime.version" value="11.0.18+9-LTS-195"/>
    <property name="user.name" value="Alan"/>
    <property name="path.separator" value=":"/>
    <property name="os.version" value="13.0"/>
    <property name="java.runtime.name" value="Java(TM) SE Runtime Environment"/>
    <property name="file.encoding" value="UTF-8"/>
    <property name="java.vm.name" value="Java HotSpot(TM) 64-Bit Server VM"/>
    <property name="java.vendor.version" value="18.9"/>
    <property name="localRepository" value="/Users/Alan/.m2/repository"/>
    <property name="java.vendor.url.bug" value="https://bugreport.java.com/bugreport/"/>
    <property name="java.io.tmpdir" value="/var/folders/qk/pk_yg1813rl1fp0jxsghv7240000gn/T/"/>
    <property name="idea.version" value="2022.3.1"/>
    <property name="java.version" value="11.0.18"/>
    <property name="user.dir" value="/Users/Alan/Documents/cs142a/crux"/>
    <property name="os.arch" value="x86_64"/>
    <property name="java.vm.specification.name" value="Java Virtual Machine Specification"/>
    <property name="java.awt.printerjob" value="sun.lwawt.macosx.CPrinterJob"/>
    <property name="sun.os.patch.level" value="unknown"/>
    <property name="java.library.path" value="/Users/Alan/Library/Java/Extensions:/Library/Java/Extensions:/Network/Library/Java/Extensions:/System/Library/Java/Extensions:/usr/lib/java:."/>
    <property name="java.vendor" value="Oracle Corporation"/>
    <property name="java.vm.info" value="mixed mode"/>
    <property name="java.vm.version" value="11.0.18+9-LTS-195"/>
    <property name="sun.io.unicode.encoding" value="UnicodeBig"/>
    <property name="java.class.version" value="55.0"/>
    <property name="socksNonProxyHosts" value="local|*.local|169.254/16|*.169.254/16"/>
  </properties>
  <testcase name="parseTree" classname="crux.CompilerStageTests" time="0.077"/>
  <testcase name="parseTree" classname="crux.CompilerStageTests" time="0.013"/>
  <testcase name="parseTree" classname="crux.CompilerStageTests" time="0.003"/>
  <testcase name="parseTree" classname="crux.CompilerStageTests" time="0.003"/>
  <testcase name="parseTree" classname="crux.CompilerStageTests" time="0.003"/>
  <testcase name="parseTree" classname="crux.CompilerStageTests" time="0.005"/>
  <testcase name="parseTree" classname="crux.CompilerStageTests" time="0.003"/>
  <testcase name="parseTree" classname="crux.CompilerStageTests" time="0.003"/>
  <testcase name="parseTree" classname="crux.CompilerStageTests" time="0.003"/>
  <testcase name="parseTree" classname="crux.CompilerStageTests" time="0.004"/>
  <testcase name="parseTree" classname="crux.CompilerStageTests" time="0.002"/>
  <testcase name="parseTree" classname="crux.CompilerStageTests" time="0.003"/>
  <testcase name="parseTree" classname="crux.CompilerStageTests" time="0.003"/>
  <testcase name="parseTree" classname="crux.CompilerStageTests" time="0.002"/>
  <testcase name="parseTree" classname="crux.CompilerStageTests" time="0.002"/>
  <testcase name="parseTree" classname="crux.CompilerStageTests" time="0.002"/>
  <testcase name="parseTree" classname="crux.CompilerStageTests" time="0.004"/>
  <testcase name="parseTree" classname="crux.CompilerStageTests" time="0.003"/>
  <testcase name="parseTree" classname="crux.CompilerStageTests" time="0.002"/>
  <testcase name="parseTree" classname="crux.CompilerStageTests" time="0.002"/>
  <testcase name="parseTree" classname="crux.CompilerStageTests" time="0.002"/>
  <testcase name="parseTree" classname="crux.CompilerStageTests" time="0.003"/>
  <testcase name="parseTree" classname="crux.CompilerStageTests" time="0.002"/>
  <testcase name="parseTree" classname="crux.CompilerStageTests" time="0.002"/>
  <testcase name="parseTree" classname="crux.CompilerStageTests" time="0.002"/>
  <testcase name="parseTree" classname="crux.CompilerStageTests" time="0.002"/>
  <testcase name="parseTree" classname="crux.CompilerStageTests" time="0.002"/>
  <testcase name="parseTree" classname="crux.CompilerStageTests" time="0.002"/>
  <testcase name="parseTree" classname="crux.CompilerStageTests" time="0.002"/>
  <testcase name="parseTree" classname="crux.CompilerStageTests" time="0.002"/>
  <testcase name="parseTree" classname="crux.CompilerStageTests" time="0.002"/>
  <testcase name="parseTree" classname="crux.CompilerStageTests" time="0.002"/>
  <testcase name="parseTree" classname="crux.CompilerStageTests" time="0.002"/>
  <testcase name="parseTree" classname="crux.CompilerStageTests" time="0.003"/>
  <testcase name="parseTree" classname="crux.CompilerStageTests" time="0.004"/>
  <testcase name="parseTree" classname="crux.CompilerStageTests" time="0.001"/>
  <testcase name="parseTree" classname="crux.CompilerStageTests" time="0.002"/>
  <testcase name="parseTree" classname="crux.CompilerStageTests" time="0.004"/>
  <testcase name="parseTree" classname="crux.CompilerStageTests" time="0.002"/>
  <testcase name="parseTree" classname="crux.CompilerStageTests" time="0.003"/>
  <testcase name="parseTree" classname="crux.CompilerStageTests" time="0.003"/>
  <testcase name="parseTree" classname="crux.CompilerStageTests" time="0.002"/>
  <testcase name="parseTree" classname="crux.CompilerStageTests" time="0.002"/>
  <testcase name="parseTree" classname="crux.CompilerStageTests" time="0.002"/>
  <testcase name="parseTree" classname="crux.CompilerStageTests" time="0.003"/>
  <testcase name="parseTree" classname="crux.CompilerStageTests" time="0.003"/>
  <testcase name="parseTree" classname="crux.CompilerStageTests" time="0.003"/>
  <testcase name="parseTree" classname="crux.CompilerStageTests" time="0.002"/>
  <testcase name="parseTree" classname="crux.CompilerStageTests" time="0.004"/>
  <testcase name="parseTree" classname="crux.CompilerStageTests" time="0.005"/>
</testsuite>